<?xml version="1.0" encoding="UTF-8" ?>
<testsuite tests="24" failures="1" name="test.WorkerThreadTest" time="0.058" errors="1" skipped="0">
  <properties>
[...]
</properties>
  <testcase classname="test.WorkerThreadTest" name="publishSuccess" time="0"/>
  <testcase classname="test.WorkerThreadTest" name="shareIncorrectSecret" time="0"/>
  <testcase classname="test.WorkerThreadTest" name="exchangeInvalid" time="0.001"/>
  <testcase classname="test.WorkerThreadTest" name="removeNotExisted" time="0.002"/>
  <testcase classname="test.WorkerThreadTest" name="fetchInvalidResource" time="0.005"/>
  <testcase classname="test.WorkerThreadTest" name="removeInvalid" time="0.003"/>
  <testcase classname="test.WorkerThreadTest" name="fetchNoMatchedFile" time="0.005"/>
  <testcase classname="test.WorkerThreadTest" name="shareRulesBroken" time="0.013"/>
  <testcase classname="test.WorkerThreadTest" name="queryInvalid" time="0"/>
  <testcase classname="test.WorkerThreadTest" name="removeSuccess" time="0"/>
  <testcase classname="test.WorkerThreadTest" name="removeMissingResource" time="0"/>
  <testcase classname="test.WorkerThreadTest" name="shareMissingResource" time="0"/>
  <testcase classname="test.WorkerThreadTest" name="querySuccess" time="0.007"/>
  <testcase classname="test.WorkerThreadTest" name="genericMissingCommand" time="0"/>
  <testcase classname="test.WorkerThreadTest" name="fetchSuccess" time="0.005">
    <error message="Index: 2, Size: 2" type="java.lang.IndexOutOfBoundsException">java.lang.IndexOutOfBoundsException: Index: 2, Size: 2
	at java.util.LinkedList.checkElementIndex(LinkedList.java:555)
	at java.util.LinkedList.get(LinkedList.java:476)
	at test.WorkerThreadTest.checkIndexContentAndDisplay(WorkerThreadTest.java:62)
	at test.WorkerThreadTest.fetchSuccess(WorkerThreadTest.java:350)
	at sun.reflect.NativeMethodAccessorImpl.invoke0(Native Method)
	at sun.reflect.NativeMethodAccessorImpl.invoke(NativeMethodAccessorImpl.java:62)
	at sun.reflect.DelegatingMethodAccessorImpl.invoke(DelegatingMethodAccessorImpl.java:43)
	at java.lang.reflect.Method.invoke(Method.java:498)
	at org.junit.runners.model.FrameworkMethod$1.runReflectiveCall(FrameworkMethod.java:50)
	at org.junit.internal.runners.model.ReflectiveCallable.run(ReflectiveCallable.java:12)
	at org.junit.runners.model.FrameworkMethod.invokeExplosively(FrameworkMethod.java:47)
	at org.junit.internal.runners.statements.InvokeMethod.evaluate(InvokeMethod.java:17)
	at org.junit.runners.ParentRunner.runLeaf(ParentRunner.java:325)
	at org.junit.runners.BlockJUnit4ClassRunner.runChild(BlockJUnit4ClassRunner.java:78)
	at org.junit.runners.BlockJUnit4ClassRunner.runChild(BlockJUnit4ClassRunner.java:57)
	at org.junit.runners.ParentRunner$3.run(ParentRunner.java:290)
	at org.junit.runners.ParentRunner$1.schedule(ParentRunner.java:71)
	at org.junit.runners.ParentRunner.runChildren(ParentRunner.java:288)
	at org.junit.runners.ParentRunner.access$000(ParentRunner.java:58)
	at org.junit.runners.ParentRunner$2.evaluate(ParentRunner.java:268)
	at org.junit.runners.ParentRunner.run(ParentRunner.java:363)
	at org.apache.maven.surefire.junit4.JUnit4Provider.execute(JUnit4Provider.java:252)
	at org.apache.maven.surefire.junit4.JUnit4Provider.executeTestSet(JUnit4Provider.java:141)
	at org.apache.maven.surefire.junit4.JUnit4Provider.invoke(JUnit4Provider.java:112)
	at sun.reflect.NativeMethodAccessorImpl.invoke0(Native Method)
	at sun.reflect.NativeMethodAccessorImpl.invoke(NativeMethodAccessorImpl.java:62)
	at sun.reflect.DelegatingMethodAccessorImpl.invoke(DelegatingMethodAccessorImpl.java:43)
	at java.lang.reflect.Method.invoke(Method.java:498)
	at org.apache.maven.surefire.util.ReflectionUtils.invokeMethodWithArray(ReflectionUtils.java:189)
	at org.apache.maven.surefire.booter.ProviderFactory$ProviderProxy.invoke(ProviderFactory.java:165)
	at org.apache.maven.surefire.booter.ProviderFactory.invokeProvider(ProviderFactory.java:85)
	at org.apache.maven.surefire.booter.ForkedBooter.runSuitesInProcess(ForkedBooter.java:115)
	at org.apache.maven.surefire.booter.ForkedBooter.main(ForkedBooter.java:75)
</error>
    <system-out>{
    &quot;command&quot;: &quot;SHARE&quot;,
    &quot;secret&quot;: &quot;f1zdf4ovtheujnjoyxtvfzgjff&quot;,
    &quot;resource&quot;: {
        &quot;name&quot;: &quot;Unimelb website&quot;,
        &quot;tags&quot;: [
            &quot;web&quot;,
            &quot;html&quot; ],
        &quot;description&quot;: &quot;The main page for the University of Melbourne&quot;,
        &quot;uri&quot;: &quot;file:///Users/nek/.bash_profile&quot;,
        &quot;channel&quot;: &quot;windy&quot;,
        &quot;owner&quot;: &quot;day&quot;,
        &quot;ezserver&quot;: null
    }
}

{
    &quot;command&quot;: &quot;FETCH&quot;,
    &quot;resourceTemplate&quot;: {
        &quot;name&quot;: &quot;Unimelb website&quot;,
        &quot;tags&quot;: [
            &quot;web&quot;,
            &quot;html&quot; ],
        &quot;description&quot;: &quot;The main page for the University of Melbourne&quot;,
        &quot;uri&quot;: &quot;file:///Users/nek/.bash_profile&quot;,
        &quot;channel&quot;: &quot;windy&quot;,
        &quot;owner&quot;: &quot;day&quot;,
        &quot;ezserver&quot;: null
    }
}

</system-out>
    <system-err>03/05/2018 06:07:03.460 - [EZShare.server.WorkerThread.&lt;init&gt;] - [INFO] - SecureSocket : false
03/05/2018 06:07:03.461 - [EZShare.server.WorkerThread.processShare] - [INFO] - null : request for sharing file:///Users/nek/.bash_profile
03/05/2018 06:07:03.463 - [EZShare.server.WorkerThread.processShare] - [WARNING] - null : resource does not exist
03/05/2018 06:07:03.465 - [EZShare.server.WorkerThread.processFetch] - [FINE] - null : no matched file
</system-err>
  </testcase>
  <testcase classname="test.WorkerThreadTest" name="publishRulesBroken" time="0.003"/>
  <testcase classname="test.WorkerThreadTest" name="queryMissingResource" time="0.001"/>
  <testcase classname="test.WorkerThreadTest" name="fetchMissingResource" time="0.001"/>
  <testcase classname="test.WorkerThreadTest" name="exchangeMissing" time="0.001"/>
  <testcase classname="test.WorkerThreadTest" name="shareInvalid" time="0.003"/>
  <testcase classname="test.WorkerThreadTest" name="publishInvalid" time="0.002"/>
  <testcase classname="test.WorkerThreadTest" name="publishMissingResource" time="0.001"/>
  <testcase classname="test.WorkerThreadTest" name="shareSuccess" time="0.003">
    <failure message="expected:&lt;true&gt; but was:&lt;false&gt;" type="java.lang.AssertionError">java.lang.AssertionError: expected:&lt;true&gt; but was:&lt;false&gt;
	at org.junit.Assert.fail(Assert.java:88)
	at org.junit.Assert.failNotEquals(Assert.java:834)
	at org.junit.Assert.assertEquals(Assert.java:118)
	at org.junit.Assert.assertEquals(Assert.java:144)
	at test.WorkerThreadTest.checkIndexContentAndDisplay(WorkerThreadTest.java:63)
	at test.WorkerThreadTest.shareSuccess(WorkerThreadTest.java:289)
	at sun.reflect.NativeMethodAccessorImpl.invoke0(Native Method)
	at sun.reflect.NativeMethodAccessorImpl.invoke(NativeMethodAccessorImpl.java:62)
	at sun.reflect.DelegatingMethodAccessorImpl.invoke(DelegatingMethodAccessorImpl.java:43)
	at java.lang.reflect.Method.invoke(Method.java:498)
	at org.junit.runners.model.FrameworkMethod$1.runReflectiveCall(FrameworkMethod.java:50)
	at org.junit.internal.runners.model.ReflectiveCallable.run(ReflectiveCallable.java:12)
	at org.junit.runners.model.FrameworkMethod.invokeExplosively(FrameworkMethod.java:47)
	at org.junit.internal.runners.statements.InvokeMethod.evaluate(InvokeMethod.java:17)
	at org.junit.runners.ParentRunner.runLeaf(ParentRunner.java:325)
	at org.junit.runners.BlockJUnit4ClassRunner.runChild(BlockJUnit4ClassRunner.java:78)
	at org.junit.runners.BlockJUnit4ClassRunner.runChild(BlockJUnit4ClassRunner.java:57)
	at org.junit.runners.ParentRunner$3.run(ParentRunner.java:290)
	at org.junit.runners.ParentRunner$1.schedule(ParentRunner.java:71)
	at org.junit.runners.ParentRunner.runChildren(ParentRunner.java:288)
	at org.junit.runners.ParentRunner.access$000(ParentRunner.java:58)
	at org.junit.runners.ParentRunner$2.evaluate(ParentRunner.java:268)
	at org.junit.runners.ParentRunner.run(ParentRunner.java:363)
	at org.apache.maven.surefire.junit4.JUnit4Provider.execute(JUnit4Provider.java:252)
	at org.apache.maven.surefire.junit4.JUnit4Provider.executeTestSet(JUnit4Provider.java:141)
	at org.apache.maven.surefire.junit4.JUnit4Provider.invoke(JUnit4Provider.java:112)
	at sun.reflect.NativeMethodAccessorImpl.invoke0(Native Method)
	at sun.reflect.NativeMethodAccessorImpl.invoke(NativeMethodAccessorImpl.java:62)
	at sun.reflect.DelegatingMethodAccessorImpl.invoke(DelegatingMethodAccessorImpl.java:43)
	at java.lang.reflect.Method.invoke(Method.java:498)
	at org.apache.maven.surefire.util.ReflectionUtils.invokeMethodWithArray(ReflectionUtils.java:189)
	at org.apache.maven.surefire.booter.ProviderFactory$ProviderProxy.invoke(ProviderFactory.java:165)
	at org.apache.maven.surefire.booter.ProviderFactory.invokeProvider(ProviderFactory.java:85)
	at org.apache.maven.surefire.booter.ForkedBooter.runSuitesInProcess(ForkedBooter.java:115)
	at org.apache.maven.surefire.booter.ForkedBooter.main(ForkedBooter.java:75)
</failure>
    <system-out>{
    &quot;command&quot;: &quot;SHARE&quot;,
    &quot;secret&quot;: &quot;f1zdf4ovtheujnjoyxtvfzgjff&quot;,
    &quot;resource&quot;: {
        &quot;name&quot;: &quot;Unimelb website&quot;,
        &quot;tags&quot;: [
            &quot;web&quot;,
            &quot;html&quot; ],
        &quot;description&quot;: &quot;The main page for the University of Melbourne&quot;,
        &quot;uri&quot;: &quot;file:///Users/nek/.bash_profile&quot;,
        &quot;channel&quot;: &quot;windy&quot;,
        &quot;owner&quot;: &quot;day&quot;,
        &quot;ezserver&quot;: null
    }
}

{&quot;response&quot;:&quot;error&quot;,&quot;errorMessage&quot;:&quot;cannot share resource&quot;}
</system-out>
    <system-err>03/05/2018 06:07:03.482 - [EZShare.server.WorkerThread.&lt;init&gt;] - [INFO] - SecureSocket : false
03/05/2018 06:07:03.483 - [EZShare.server.WorkerThread.processShare] - [INFO] - null : request for sharing file:///Users/nek/.bash_profile
03/05/2018 06:07:03.483 - [EZShare.server.WorkerThread.processShare] - [WARNING] - null : resource does not exist
</system-err>
  </testcase>
  <testcase classname="test.WorkerThreadTest" name="genericInvalidCommand" time="0.002"/>
</testsuite>