<?xml version="1.0" encoding="UTF-8" ?>
<testsuite tests="24" failures="1" name="test.WorkerThreadTest" time="0.058" errors="1" skipped="0">
  <properties>
    <property name="java.runtime.name" value="Java(TM) SE Runtime Environment"/>
    <property name="sun.boot.library.path" value="/Library/Java/JavaVirtualMachines/jdk1.8.0_121.jdk/Contents/Home/jre/lib"/>
    <property name="java.vm.version" value="25.121-b13"/>
    <property name="gopherProxySet" value="false"/>
    <property name="java.vm.vendor" value="Oracle Corporation"/>
    <property name="maven.multiModuleProjectDirectory" value="/Users/peach/IdeaProjects/DAP/EZShare"/>
    <property name="java.vendor.url" value="http://java.oracle.com/"/>
    <property name="path.separator" value=":"/>
    <property name="guice.disable.misplaced.annotation.check" value="true"/>
    <property name="java.vm.name" value="Java HotSpot(TM) 64-Bit Server VM"/>
    <property name="file.encoding.pkg" value="sun.io"/>
    <property name="user.country" value="AU"/>
    <property name="sun.java.launcher" value="SUN_STANDARD"/>
    <property name="sun.os.patch.level" value="unknown"/>
    <property name="java.vm.specification.name" value="Java Virtual Machine Specification"/>
    <property name="user.dir" value="/Users/peach/IdeaProjects/DAP/EZShare"/>
    <property name="java.runtime.version" value="1.8.0_121-b13"/>
    <property name="java.awt.graphicsenv" value="sun.awt.CGraphicsEnvironment"/>
    <property name="java.endorsed.dirs" value="/Library/Java/JavaVirtualMachines/jdk1.8.0_121.jdk/Contents/Home/jre/lib/endorsed"/>
    <property name="os.arch" value="x86_64"/>
    <property name="java.io.tmpdir" value="/var/folders/1c/x8l6d5ws62v2j8clky5dwspc0000gn/T/"/>
    <property name="line.separator" value="
"/>
    <property name="java.vm.specification.vendor" value="Oracle Corporation"/>
    <property name="os.name" value="Mac OS X"/>
    <property name="classworlds.conf" value="/usr/local/Cellar/maven/3.5.3/libexec/bin/m2.conf"/>
    <property name="sun.jnu.encoding" value="UTF-8"/>
    <property name="java.library.path" value="/Users/peach/Library/Java/Extensions:/Library/Java/Extensions:/Network/Library/Java/Extensions:/System/Library/Java/Extensions:/usr/lib/java:."/>
    <property name="maven.conf" value="/usr/local/Cellar/maven/3.5.3/libexec/conf"/>
    <property name="java.specification.name" value="Java Platform API Specification"/>
    <property name="java.class.version" value="52.0"/>
    <property name="sun.management.compiler" value="HotSpot 64-Bit Tiered Compilers"/>
    <property name="os.version" value="10.13.3"/>
    <property name="library.jansi.path" value="/usr/local/Cellar/maven/3.5.3/libexec/lib/jansi-native"/>
    <property name="http.nonProxyHosts" value="local|*.local|169.254/16|*.169.254/16"/>
    <property name="user.home" value="/Users/peach"/>
    <property name="user.timezone" value="Australia/Melbourne"/>
    <property name="java.awt.printerjob" value="sun.lwawt.macosx.CPrinterJob"/>
    <property name="java.specification.version" value="1.8"/>
    <property name="file.encoding" value="UTF-8"/>
    <property name="user.name" value="peach"/>
    <property name="java.class.path" value="/usr/local/Cellar/maven/3.5.3/libexec/boot/plexus-classworlds-2.5.2.jar"/>
    <property name="java.vm.specification.version" value="1.8"/>
    <property name="sun.arch.data.model" value="64"/>
    <property name="java.home" value="/Library/Java/JavaVirtualMachines/jdk1.8.0_121.jdk/Contents/Home/jre"/>
    <property name="sun.java.command" value="org.codehaus.plexus.classworlds.launcher.Launcher assembly:assembly"/>
    <property name="java.specification.vendor" value="Oracle Corporation"/>
    <property name="user.language" value="en"/>
    <property name="awt.toolkit" value="sun.lwawt.macosx.LWCToolkit"/>
    <property name="java.vm.info" value="mixed mode"/>
    <property name="java.version" value="1.8.0_121"/>
    <property name="java.ext.dirs" value="/Users/peach/Library/Java/Extensions:/Library/Java/JavaVirtualMachines/jdk1.8.0_121.jdk/Contents/Home/jre/lib/ext:/Library/Java/Extensions:/Network/Library/Java/Extensions:/System/Library/Java/Extensions:/usr/lib/java"/>
    <property name="sun.boot.class.path" value="/Library/Java/JavaVirtualMachines/jdk1.8.0_121.jdk/Contents/Home/jre/lib/resources.jar:/Library/Java/JavaVirtualMachines/jdk1.8.0_121.jdk/Contents/Home/jre/lib/rt.jar:/Library/Java/JavaVirtualMachines/jdk1.8.0_121.jdk/Contents/Home/jre/lib/sunrsasign.jar:/Library/Java/JavaVirtualMachines/jdk1.8.0_121.jdk/Contents/Home/jre/lib/jsse.jar:/Library/Java/JavaVirtualMachines/jdk1.8.0_121.jdk/Contents/Home/jre/lib/jce.jar:/Library/Java/JavaVirtualMachines/jdk1.8.0_121.jdk/Contents/Home/jre/lib/charsets.jar:/Library/Java/JavaVirtualMachines/jdk1.8.0_121.jdk/Contents/Home/jre/lib/jfr.jar:/Library/Java/JavaVirtualMachines/jdk1.8.0_121.jdk/Contents/Home/jre/classes"/>
    <property name="java.vendor" value="Oracle Corporation"/>
    <property name="maven.home" value="/usr/local/Cellar/maven/3.5.3/libexec"/>
    <property name="file.separator" value="/"/>
    <property name="java.vendor.url.bug" value="http://bugreport.sun.com/bugreport/"/>
    <property name="sun.cpu.endian" value="little"/>
    <property name="sun.io.unicode.encoding" value="UnicodeBig"/>
    <property name="socksNonProxyHosts" value="local|*.local|169.254/16|*.169.254/16"/>
    <property name="ftp.nonProxyHosts" value="local|*.local|169.254/16|*.169.254/16"/>
    <property name="sun.cpu.isalist" value=""/>
  </properties>
  <testcase classname="test.WorkerThreadTest" name="publishSuccess" time="0"/>
  <testcase classname="test.WorkerThreadTest" name="shareIncorrectSecret" time="0"/>
  <testcase classname="test.WorkerThreadTest" name="exchangeInvalid" time="0.001"/>
  <testcase classname="test.WorkerThreadTest" name="removeNotExisted" time="0.002"/>
  <testcase classname="test.WorkerThreadTest" name="fetchInvalidResource" time="0.005"/>
  <testcase classname="test.WorkerThreadTest" name="removeInvalid" time="0.003"/>
  <testcase classname="test.WorkerThreadTest" name="fetchNoMatchedFile" time="0.005"/>
  <testcase classname="test.WorkerThreadTest" name="shareRulesBroken" time="0.013"/>
  <testcase classname="test.WorkerThreadTest" name="queryInvalid" time="0"/>
  <testcase classname="test.WorkerThreadTest" name="removeSuccess" time="0"/>
  <testcase classname="test.WorkerThreadTest" name="removeMissingResource" time="0"/>
  <testcase classname="test.WorkerThreadTest" name="shareMissingResource" time="0"/>
  <testcase classname="test.WorkerThreadTest" name="querySuccess" time="0.007"/>
  <testcase classname="test.WorkerThreadTest" name="genericMissingCommand" time="0"/>
  <testcase classname="test.WorkerThreadTest" name="fetchSuccess" time="0.005">
    <error message="Index: 2, Size: 2" type="java.lang.IndexOutOfBoundsException">java.lang.IndexOutOfBoundsException: Index: 2, Size: 2
	at java.util.LinkedList.checkElementIndex(LinkedList.java:555)
	at java.util.LinkedList.get(LinkedList.java:476)
	at test.WorkerThreadTest.checkIndexContentAndDisplay(WorkerThreadTest.java:62)
	at test.WorkerThreadTest.fetchSuccess(WorkerThreadTest.java:350)
	at sun.reflect.NativeMethodAccessorImpl.invoke0(Native Method)
	at sun.reflect.NativeMethodAccessorImpl.invoke(NativeMethodAccessorImpl.java:62)
	at sun.reflect.DelegatingMethodAccessorImpl.invoke(DelegatingMethodAccessorImpl.java:43)
	at java.lang.reflect.Method.invoke(Method.java:498)
	at org.junit.runners.model.FrameworkMethod$1.runReflectiveCall(FrameworkMethod.java:50)
	at org.junit.internal.runners.model.ReflectiveCallable.run(ReflectiveCallable.java:12)
	at org.junit.runners.model.FrameworkMethod.invokeExplosively(FrameworkMethod.java:47)
	at org.junit.internal.runners.statements.InvokeMethod.evaluate(InvokeMethod.java:17)
	at org.junit.runners.ParentRunner.runLeaf(ParentRunner.java:325)
	at org.junit.runners.BlockJUnit4ClassRunner.runChild(BlockJUnit4ClassRunner.java:78)
	at org.junit.runners.BlockJUnit4ClassRunner.runChild(BlockJUnit4ClassRunner.java:57)
	at org.junit.runners.ParentRunner$3.run(ParentRunner.java:290)
	at org.junit.runners.ParentRunner$1.schedule(ParentRunner.java:71)
	at org.junit.runners.ParentRunner.runChildren(ParentRunner.java:288)
	at org.junit.runners.ParentRunner.access$000(ParentRunner.java:58)
	at org.junit.runners.ParentRunner$2.evaluate(ParentRunner.java:268)
	at org.junit.runners.ParentRunner.run(ParentRunner.java:363)
	at org.apache.maven.surefire.junit4.JUnit4Provider.execute(JUnit4Provider.java:252)
	at org.apache.maven.surefire.junit4.JUnit4Provider.executeTestSet(JUnit4Provider.java:141)
	at org.apache.maven.surefire.junit4.JUnit4Provider.invoke(JUnit4Provider.java:112)
	at sun.reflect.NativeMethodAccessorImpl.invoke0(Native Method)
	at sun.reflect.NativeMethodAccessorImpl.invoke(NativeMethodAccessorImpl.java:62)
	at sun.reflect.DelegatingMethodAccessorImpl.invoke(DelegatingMethodAccessorImpl.java:43)
	at java.lang.reflect.Method.invoke(Method.java:498)
	at org.apache.maven.surefire.util.ReflectionUtils.invokeMethodWithArray(ReflectionUtils.java:189)
	at org.apache.maven.surefire.booter.ProviderFactory$ProviderProxy.invoke(ProviderFactory.java:165)
	at org.apache.maven.surefire.booter.ProviderFactory.invokeProvider(ProviderFactory.java:85)
	at org.apache.maven.surefire.booter.ForkedBooter.runSuitesInProcess(ForkedBooter.java:115)
	at org.apache.maven.surefire.booter.ForkedBooter.main(ForkedBooter.java:75)
</error>
    <system-out>{
    &quot;command&quot;: &quot;SHARE&quot;,
    &quot;secret&quot;: &quot;f1zdf4ovtheujnjoyxtvfzgjff&quot;,
    &quot;resource&quot;: {
        &quot;name&quot;: &quot;Unimelb website&quot;,
        &quot;tags&quot;: [
            &quot;web&quot;,
            &quot;html&quot; ],
        &quot;description&quot;: &quot;The main page for the University of Melbourne&quot;,
        &quot;uri&quot;: &quot;file:///Users/nek/.bash_profile&quot;,
        &quot;channel&quot;: &quot;windy&quot;,
        &quot;owner&quot;: &quot;day&quot;,
        &quot;ezserver&quot;: null
    }
}

{
    &quot;command&quot;: &quot;FETCH&quot;,
    &quot;resourceTemplate&quot;: {
        &quot;name&quot;: &quot;Unimelb website&quot;,
        &quot;tags&quot;: [
            &quot;web&quot;,
            &quot;html&quot; ],
        &quot;description&quot;: &quot;The main page for the University of Melbourne&quot;,
        &quot;uri&quot;: &quot;file:///Users/nek/.bash_profile&quot;,
        &quot;channel&quot;: &quot;windy&quot;,
        &quot;owner&quot;: &quot;day&quot;,
        &quot;ezserver&quot;: null
    }
}

</system-out>
    <system-err>03/05/2018 06:07:03.460 - [EZShare.server.WorkerThread.&lt;init&gt;] - [INFO] - SecureSocket : false
03/05/2018 06:07:03.461 - [EZShare.server.WorkerThread.processShare] - [INFO] - null : request for sharing file:///Users/nek/.bash_profile
03/05/2018 06:07:03.463 - [EZShare.server.WorkerThread.processShare] - [WARNING] - null : resource does not exist
03/05/2018 06:07:03.465 - [EZShare.server.WorkerThread.processFetch] - [FINE] - null : no matched file
</system-err>
  </testcase>
  <testcase classname="test.WorkerThreadTest" name="publishRulesBroken" time="0.003"/>
  <testcase classname="test.WorkerThreadTest" name="queryMissingResource" time="0.001"/>
  <testcase classname="test.WorkerThreadTest" name="fetchMissingResource" time="0.001"/>
  <testcase classname="test.WorkerThreadTest" name="exchangeMissing" time="0.001"/>
  <testcase classname="test.WorkerThreadTest" name="shareInvalid" time="0.003"/>
  <testcase classname="test.WorkerThreadTest" name="publishInvalid" time="0.002"/>
  <testcase classname="test.WorkerThreadTest" name="publishMissingResource" time="0.001"/>
  <testcase classname="test.WorkerThreadTest" name="shareSuccess" time="0.003">
    <failure message="expected:&lt;true&gt; but was:&lt;false&gt;" type="java.lang.AssertionError">java.lang.AssertionError: expected:&lt;true&gt; but was:&lt;false&gt;
	at org.junit.Assert.fail(Assert.java:88)
	at org.junit.Assert.failNotEquals(Assert.java:834)
	at org.junit.Assert.assertEquals(Assert.java:118)
	at org.junit.Assert.assertEquals(Assert.java:144)
	at test.WorkerThreadTest.checkIndexContentAndDisplay(WorkerThreadTest.java:63)
	at test.WorkerThreadTest.shareSuccess(WorkerThreadTest.java:289)
	at sun.reflect.NativeMethodAccessorImpl.invoke0(Native Method)
	at sun.reflect.NativeMethodAccessorImpl.invoke(NativeMethodAccessorImpl.java:62)
	at sun.reflect.DelegatingMethodAccessorImpl.invoke(DelegatingMethodAccessorImpl.java:43)
	at java.lang.reflect.Method.invoke(Method.java:498)
	at org.junit.runners.model.FrameworkMethod$1.runReflectiveCall(FrameworkMethod.java:50)
	at org.junit.internal.runners.model.ReflectiveCallable.run(ReflectiveCallable.java:12)
	at org.junit.runners.model.FrameworkMethod.invokeExplosively(FrameworkMethod.java:47)
	at org.junit.internal.runners.statements.InvokeMethod.evaluate(InvokeMethod.java:17)
	at org.junit.runners.ParentRunner.runLeaf(ParentRunner.java:325)
	at org.junit.runners.BlockJUnit4ClassRunner.runChild(BlockJUnit4ClassRunner.java:78)
	at org.junit.runners.BlockJUnit4ClassRunner.runChild(BlockJUnit4ClassRunner.java:57)
	at org.junit.runners.ParentRunner$3.run(ParentRunner.java:290)
	at org.junit.runners.ParentRunner$1.schedule(ParentRunner.java:71)
	at org.junit.runners.ParentRunner.runChildren(ParentRunner.java:288)
	at org.junit.runners.ParentRunner.access$000(ParentRunner.java:58)
	at org.junit.runners.ParentRunner$2.evaluate(ParentRunner.java:268)
	at org.junit.runners.ParentRunner.run(ParentRunner.java:363)
	at org.apache.maven.surefire.junit4.JUnit4Provider.execute(JUnit4Provider.java:252)
	at org.apache.maven.surefire.junit4.JUnit4Provider.executeTestSet(JUnit4Provider.java:141)
	at org.apache.maven.surefire.junit4.JUnit4Provider.invoke(JUnit4Provider.java:112)
	at sun.reflect.NativeMethodAccessorImpl.invoke0(Native Method)
	at sun.reflect.NativeMethodAccessorImpl.invoke(NativeMethodAccessorImpl.java:62)
	at sun.reflect.DelegatingMethodAccessorImpl.invoke(DelegatingMethodAccessorImpl.java:43)
	at java.lang.reflect.Method.invoke(Method.java:498)
	at org.apache.maven.surefire.util.ReflectionUtils.invokeMethodWithArray(ReflectionUtils.java:189)
	at org.apache.maven.surefire.booter.ProviderFactory$ProviderProxy.invoke(ProviderFactory.java:165)
	at org.apache.maven.surefire.booter.ProviderFactory.invokeProvider(ProviderFactory.java:85)
	at org.apache.maven.surefire.booter.ForkedBooter.runSuitesInProcess(ForkedBooter.java:115)
	at org.apache.maven.surefire.booter.ForkedBooter.main(ForkedBooter.java:75)
</failure>
    <system-out>{
    &quot;command&quot;: &quot;SHARE&quot;,
    &quot;secret&quot;: &quot;f1zdf4ovtheujnjoyxtvfzgjff&quot;,
    &quot;resource&quot;: {
        &quot;name&quot;: &quot;Unimelb website&quot;,
        &quot;tags&quot;: [
            &quot;web&quot;,
            &quot;html&quot; ],
        &quot;description&quot;: &quot;The main page for the University of Melbourne&quot;,
        &quot;uri&quot;: &quot;file:///Users/nek/.bash_profile&quot;,
        &quot;channel&quot;: &quot;windy&quot;,
        &quot;owner&quot;: &quot;day&quot;,
        &quot;ezserver&quot;: null
    }
}

{&quot;response&quot;:&quot;error&quot;,&quot;errorMessage&quot;:&quot;cannot share resource&quot;}
</system-out>
    <system-err>03/05/2018 06:07:03.482 - [EZShare.server.WorkerThread.&lt;init&gt;] - [INFO] - SecureSocket : false
03/05/2018 06:07:03.483 - [EZShare.server.WorkerThread.processShare] - [INFO] - null : request for sharing file:///Users/nek/.bash_profile
03/05/2018 06:07:03.483 - [EZShare.server.WorkerThread.processShare] - [WARNING] - null : resource does not exist
</system-err>
  </testcase>
  <testcase classname="test.WorkerThreadTest" name="genericInvalidCommand" time="0.002"/>
</testsuite>